<?xml version="1.0" encoding="UTF-8"?>
<!-- Generated by org.testng.reporters.JUnitReportReporter -->
<testsuite skipped="0" hostname="IM-PC-242" name="Rajesh.Git" tests="1" failures="0" timestamp="29 Jan 2019 06:27:47 GMT" time="0.007" errors="0">
  <testcase name="test" time="0.007" classname="Rajesh.Git"/>
</testsuite> <!-- Rajesh.Git -->
